<?xml version="1.0" encoding="UTF-8"?>
<!-- Generated by org.testng.reporters.JUnitXMLReporter -->
<testsuite ignored="1" hostname="INCNU4129FFM" failures="0" tests="2" name="Default test" time="0.239" errors="0" timestamp="2020-08-06T16:47:04 IST">
  <testcase classname="mpack.DemoTestNG2" name="Registration" time="0.036"/>
  <testcase classname="mpack.DemoTestNG2" name="Login" time="0.01"/>
  <testcase classname="mpack.DemoTestNG2" name="HomePage" time="0.0">
    <ignored/>
  </testcase> <!-- HomePage -->
</testsuite> <!-- Default test -->
