<?xml version="1.0" encoding="UTF-8"?>
<!-- Generated by org.testng.reporters.JUnitXMLReporter -->
<testsuite ignored="0" hostname="INCNU4129FFM" failures="0" tests="3" name="Default test" time="38.63" errors="0" timestamp="2020-08-07T17:33:39 IST">
  <testcase classname="listnwers.Demo" name="listeners" time="16.993">
    <skipped/>
  </testcase> <!-- listeners -->
  <testcase classname="listnwers.Demo" name="listeners1" time="13.304">
    <skipped/>
  </testcase> <!-- listeners1 -->
  <testcase classname="listnwers.Demo" name="listeners2" time="8.246">
    <skipped/>
  </testcase> <!-- listeners2 -->
</testsuite> <!-- Default test -->
