<?xml version="1.0" encoding="UTF-8"?>
<!-- Generated by org.testng.reporters.JUnitXMLReporter -->
<testsuite ignored="0" hostname="INCNU4129FFM" failures="0" tests="3" name="Test1" time="44.238" errors="0" timestamp="2020-08-07T14:53:33 IST">
  <testcase classname="mpack.TestngParameteraization" name="parameterization" time="16.077"/>
  <testcase classname="mpack.TestngParameteraization" name="parameterization1" time="15.136"/>
  <testcase classname="mpack.TestngParameteraization" name="parameterization2" time="12.95"/>
</testsuite> <!-- Test1 -->
