<?xml version="1.0" encoding="UTF-8"?>
<testng-results ignored="1" total="3" passed="2" failed="0" skipped="0">
  <reporter-output>
  </reporter-output>
  <suite started-at="2020-08-06T16:47:03 IST" name="Default suite" finished-at="2020-08-06T16:47:03 IST" duration-ms="239">
    <groups>
    </groups>
    <test started-at="2020-08-06T16:47:03 IST" name="Default test" finished-at="2020-08-06T16:47:03 IST" duration-ms="239">
      <class name="mpack.DemoTestNG2">
        <test-method signature="Registration()[pri:1, instance:mpack.DemoTestNG2@50caa560]" started-at="2020-08-06T16:47:03 IST" name="Registration" finished-at="2020-08-06T16:47:03 IST" duration-ms="36" status="PASS">
          <reporter-output>
          </reporter-output>
        </test-method> <!-- Registration -->
        <test-method signature="Login()[pri:2, instance:mpack.DemoTestNG2@50caa560]" started-at="2020-08-06T16:47:03 IST" name="Login" finished-at="2020-08-06T16:47:03 IST" duration-ms="10" status="PASS">
          <reporter-output>
          </reporter-output>
        </test-method> <!-- Login -->
      </class> <!-- mpack.DemoTestNG2 -->
    </test> <!-- Default test -->
  </suite> <!-- Default suite -->
</testng-results>
